
*
INPUT FILE: /home/ndv/stud/data/YARIS/full_front/CCSA_submodel/crash_modes/CCSA_submodel_0011/CCSA_submodel_0011.key
*
*


*
INCLUDE INPUT FILE: /home/ndv/stud/data/YARIS/full_front/CCSA_submodel/crash_modes/CCSA_submodel_0011/../model/yaris-detailed-v2j_param.k
*
*


*
INCLUDE INPUT FILE: /home/ndv/stud/data/YARIS/full_front/CCSA_submodel/crash_modes/CCSA_submodel_0011/../model/set-yaris-detailed-v2j.k
*
*


*
INCLUDE INPUT FILE: /home/ndv/stud/data/YARIS/full_front/CCSA_submodel/crash_modes/CCSA_submodel_0011/../model/bndry.k
*
*


*
INCLUDE INPUT FILE: /home/ndv/stud/data/YARIS/full_front/CCSA_submodel/crash_modes/CCSA_submodel_0011/../model/wall.k
*
*

*PARAMETER info: tL_i was converted 3 times
*PARAMETER info: tL_u was converted 3 times
*PARAMETER info: tR_i was converted 3 times
*PARAMETER info: tR_u was converted 3 times
